<?xml version="1.0" encoding="UTF-8"?>
<testsuite name="inge2.dataflow.TallerTest" tests="7" skipped="0" failures="0" errors="0" timestamp="2024-09-02T21:46:26" hostname="LAPTOP01" time="1.344">
  <properties/>
  <testcase name="testTarget1()" classname="inge2.dataflow.TallerTest" time="0.787"/>
  <testcase name="testTarget2()" classname="inge2.dataflow.TallerTest" time="0.149"/>
  <testcase name="testTarget3()" classname="inge2.dataflow.TallerTest" time="0.117"/>
  <testcase name="testTarget4()" classname="inge2.dataflow.TallerTest" time="0.102"/>
  <testcase name="testTarget5()" classname="inge2.dataflow.TallerTest" time="0.097"/>
  <testcase name="testTarget6()" classname="inge2.dataflow.TallerTest" time="0.085"/>
  <testcase name="testUnionPTG()" classname="inge2.dataflow.TallerTest" time="0.001"/>
  <system-out><![CDATA[Soot started on Mon Sep 02 18:46:26 ART 2024
Soot finished on Mon Sep 02 18:46:26 ART 2024
Soot has run for 0 min. 0 sec.
Soot started on Mon Sep 02 18:46:26 ART 2024
Soot finished on Mon Sep 02 18:46:26 ART 2024
Soot has run for 0 min. 0 sec.
Soot started on Mon Sep 02 18:46:26 ART 2024
Soot finished on Mon Sep 02 18:46:27 ART 2024
Soot has run for 0 min. 0 sec.
Soot started on Mon Sep 02 18:46:27 ART 2024
Soot finished on Mon Sep 02 18:46:27 ART 2024
Soot has run for 0 min. 0 sec.
Soot started on Mon Sep 02 18:46:27 ART 2024
Soot finished on Mon Sep 02 18:46:27 ART 2024
Soot has run for 0 min. 0 sec.
Soot started on Mon Sep 02 18:46:27 ART 2024
Soot finished on Mon Sep 02 18:46:27 ART 2024
Soot has run for 0 min. 0 sec.
]]></system-out>
  <system-err><![CDATA[]]></system-err>
</testsuite>
